State 98 conflicts: 1 shift/reduce


Grammar

    0 $accept: programa $end

    1 programa: declaracao_lista

    2 declaracao_lista: declaracao_lista declaracao
    3                 | declaracao

    4 declaracao: var_declaracao
    5           | fun_declaracao

    6 var_declaracao: tipo_especificador IDENTIFICADOR SEMICOLON
    7               | tipo_especificador IDENTIFICADOR L_BRAC NUMERO R_BRAC SEMICOLON

    8 tipo_especificador: INT
    9                   | VOID

   10 fun_declaracao: tipo_especificador IDENTIFICADOR L_PAR params R_PAR composto_decl

   11 params: param_list
   12       | VOID

   13 param_list: param_list COMMA param
   14           | param

   15 param: tipo_especificador IDENTIFICADOR
   16      | tipo_especificador IDENTIFICADOR L_BRAC R_BRAC

   17 composto_decl: L_CHAVES local_declaracoes statement_list R_CHAVES

   18 local_declaracoes: local_declaracoes var_declaracao
   19                  | /* empty */

   20 statement_list: statement_list statement
   21               | /* empty */

   22 statement: expressao_decl
   23          | composto_decl
   24          | selecao_decl
   25          | iteracao_decl
   26          | retorno_decl

   27 expressao_decl: expressao SEMICOLON
   28               | SEMICOLON

   29 selecao_decl: IF L_PAR expressao R_PAR statement
   30             | IF L_PAR expressao R_PAR statement ELSE statement

   31 iteracao_decl: WHILE L_PAR expressao R_PAR statement

   32 retorno_decl: RETURN SEMICOLON
   33             | RETURN expressao SEMICOLON

   34 expressao: var ATRIBUICAO expressao
   35          | simples_expressao

   36 var: IDENTIFICADOR
   37    | IDENTIFICADOR L_BRAC expressao R_BRAC

   38 simples_expressao: soma_expressao relacional soma_expressao
   39                  | soma_expressao

   40 relacional: MENOR
   41           | MAIOR
   42           | MENOR_IGUAL
   43           | DIFERENTE
   44           | MAIOR_IGUAL
   45           | IGUAL

   46 soma_expressao: soma_expressao soma termo
   47               | termo

   48 soma: MAIS
   49     | MENOS

   50 termo: termo mult fator
   51      | fator

   52 mult: MULTIPLICACAO
   53     | DIVISAO

   54 fator: L_PAR expressao R_PAR
   55      | var
   56      | ativacao
   57      | NUMERO

   58 ativacao: IDENTIFICADOR L_PAR args R_PAR

   59 args: arg_list
   60     | /* empty */

   61 arg_list: arg_list COMMA expressao
   62         | expressao


Terminals, with rules where they appear

$end (0) 0
error (256)
NUMERO (258) 7 57
IDENTIFICADOR (259) 6 7 10 15 16 36 37 58
MAIS (260) 48
MAIOR (261) 41
ATRIBUICAO (262) 34
DIVISAO (263) 53
MENOS (264) 49
MULTIPLICACAO (265) 52
L_PAR (266) 10 29 30 31 54 58
R_PAR (267) 10 29 30 31 54 58
L_CHAVES (268) 17
R_CHAVES (269) 17
L_BRAC (270) 7 16 37
R_BRAC (271) 7 16 37
COMMA (272) 13 61
SEMICOLON (273) 6 7 27 28 32 33
MENOR (274) 40
MAIOR_IGUAL (275) 44
MENOR_IGUAL (276) 42
DIFERENTE (277) 43
IGUAL (278) 45
IF (279) 29 30
INT (280) 8
ELSE (281) 30
VOID (282) 9 12
WHILE (283) 31
RETURN (284) 32 33


Nonterminals, with rules where they appear

$accept (30)
    on left: 0
programa (31)
    on left: 1, on right: 0
declaracao_lista (32)
    on left: 2 3, on right: 1 2
declaracao (33)
    on left: 4 5, on right: 2 3
var_declaracao (34)
    on left: 6 7, on right: 4 18
tipo_especificador (35)
    on left: 8 9, on right: 6 7 10 15 16
fun_declaracao (36)
    on left: 10, on right: 5
params (37)
    on left: 11 12, on right: 10
param_list (38)
    on left: 13 14, on right: 11 13
param (39)
    on left: 15 16, on right: 13 14
composto_decl (40)
    on left: 17, on right: 10 23
local_declaracoes (41)
    on left: 18 19, on right: 17 18
statement_list (42)
    on left: 20 21, on right: 17 20
statement (43)
    on left: 22 23 24 25 26, on right: 20 29 30 31
expressao_decl (44)
    on left: 27 28, on right: 22
selecao_decl (45)
    on left: 29 30, on right: 24
iteracao_decl (46)
    on left: 31, on right: 25
retorno_decl (47)
    on left: 32 33, on right: 26
expressao (48)
    on left: 34 35, on right: 27 29 30 31 33 34 37 54 61 62
var (49)
    on left: 36 37, on right: 34 55
simples_expressao (50)
    on left: 38 39, on right: 35
relacional (51)
    on left: 40 41 42 43 44 45, on right: 38
soma_expressao (52)
    on left: 46 47, on right: 38 39 46
soma (53)
    on left: 48 49, on right: 46
termo (54)
    on left: 50 51, on right: 46 47 50
mult (55)
    on left: 52 53, on right: 50
fator (56)
    on left: 54 55 56 57, on right: 50 51
ativacao (57)
    on left: 58, on right: 56
args (58)
    on left: 59 60, on right: 58
arg_list (59)
    on left: 61 62, on right: 59 61


state 0

    0 $accept: . programa $end

    INT   shift, and go to state 1
    VOID  shift, and go to state 2

    programa            go to state 3
    declaracao_lista    go to state 4
    declaracao          go to state 5
    var_declaracao      go to state 6
    tipo_especificador  go to state 7
    fun_declaracao      go to state 8


state 1

    8 tipo_especificador: INT .

    $default  reduce using rule 8 (tipo_especificador)


state 2

    9 tipo_especificador: VOID .

    $default  reduce using rule 9 (tipo_especificador)


state 3

    0 $accept: programa . $end

    $end  shift, and go to state 9


state 4

    1 programa: declaracao_lista .
    2 declaracao_lista: declaracao_lista . declaracao

    INT   shift, and go to state 1
    VOID  shift, and go to state 2

    $default  reduce using rule 1 (programa)

    declaracao          go to state 10
    var_declaracao      go to state 6
    tipo_especificador  go to state 7
    fun_declaracao      go to state 8


state 5

    3 declaracao_lista: declaracao .

    $default  reduce using rule 3 (declaracao_lista)


state 6

    4 declaracao: var_declaracao .

    $default  reduce using rule 4 (declaracao)


state 7

    6 var_declaracao: tipo_especificador . IDENTIFICADOR SEMICOLON
    7               | tipo_especificador . IDENTIFICADOR L_BRAC NUMERO R_BRAC SEMICOLON
   10 fun_declaracao: tipo_especificador . IDENTIFICADOR L_PAR params R_PAR composto_decl

    IDENTIFICADOR  shift, and go to state 11


state 8

    5 declaracao: fun_declaracao .

    $default  reduce using rule 5 (declaracao)


state 9

    0 $accept: programa $end .

    $default  accept


state 10

    2 declaracao_lista: declaracao_lista declaracao .

    $default  reduce using rule 2 (declaracao_lista)


state 11

    6 var_declaracao: tipo_especificador IDENTIFICADOR . SEMICOLON
    7               | tipo_especificador IDENTIFICADOR . L_BRAC NUMERO R_BRAC SEMICOLON
   10 fun_declaracao: tipo_especificador IDENTIFICADOR . L_PAR params R_PAR composto_decl

    L_PAR      shift, and go to state 12
    L_BRAC     shift, and go to state 13
    SEMICOLON  shift, and go to state 14


state 12

   10 fun_declaracao: tipo_especificador IDENTIFICADOR L_PAR . params R_PAR composto_decl

    INT   shift, and go to state 1
    VOID  shift, and go to state 15

    tipo_especificador  go to state 16
    params              go to state 17
    param_list          go to state 18
    param               go to state 19


state 13

    7 var_declaracao: tipo_especificador IDENTIFICADOR L_BRAC . NUMERO R_BRAC SEMICOLON

    NUMERO  shift, and go to state 20


state 14

    6 var_declaracao: tipo_especificador IDENTIFICADOR SEMICOLON .

    $default  reduce using rule 6 (var_declaracao)


state 15

    9 tipo_especificador: VOID .
   12 params: VOID .

    R_PAR     reduce using rule 12 (params)
    $default  reduce using rule 9 (tipo_especificador)


state 16

   15 param: tipo_especificador . IDENTIFICADOR
   16      | tipo_especificador . IDENTIFICADOR L_BRAC R_BRAC

    IDENTIFICADOR  shift, and go to state 21


state 17

   10 fun_declaracao: tipo_especificador IDENTIFICADOR L_PAR params . R_PAR composto_decl

    R_PAR  shift, and go to state 22


state 18

   11 params: param_list .
   13 param_list: param_list . COMMA param

    COMMA  shift, and go to state 23

    $default  reduce using rule 11 (params)


state 19

   14 param_list: param .

    $default  reduce using rule 14 (param_list)


state 20

    7 var_declaracao: tipo_especificador IDENTIFICADOR L_BRAC NUMERO . R_BRAC SEMICOLON

    R_BRAC  shift, and go to state 24


state 21

   15 param: tipo_especificador IDENTIFICADOR .
   16      | tipo_especificador IDENTIFICADOR . L_BRAC R_BRAC

    L_BRAC  shift, and go to state 25

    $default  reduce using rule 15 (param)


state 22

   10 fun_declaracao: tipo_especificador IDENTIFICADOR L_PAR params R_PAR . composto_decl

    L_CHAVES  shift, and go to state 26

    composto_decl  go to state 27


state 23

   13 param_list: param_list COMMA . param

    INT   shift, and go to state 1
    VOID  shift, and go to state 2

    tipo_especificador  go to state 16
    param               go to state 28


state 24

    7 var_declaracao: tipo_especificador IDENTIFICADOR L_BRAC NUMERO R_BRAC . SEMICOLON

    SEMICOLON  shift, and go to state 29


state 25

   16 param: tipo_especificador IDENTIFICADOR L_BRAC . R_BRAC

    R_BRAC  shift, and go to state 30


state 26

   17 composto_decl: L_CHAVES . local_declaracoes statement_list R_CHAVES

    $default  reduce using rule 19 (local_declaracoes)

    local_declaracoes  go to state 31


state 27

   10 fun_declaracao: tipo_especificador IDENTIFICADOR L_PAR params R_PAR composto_decl .

    $default  reduce using rule 10 (fun_declaracao)


state 28

   13 param_list: param_list COMMA param .

    $default  reduce using rule 13 (param_list)


state 29

    7 var_declaracao: tipo_especificador IDENTIFICADOR L_BRAC NUMERO R_BRAC SEMICOLON .

    $default  reduce using rule 7 (var_declaracao)


state 30

   16 param: tipo_especificador IDENTIFICADOR L_BRAC R_BRAC .

    $default  reduce using rule 16 (param)


state 31

   17 composto_decl: L_CHAVES local_declaracoes . statement_list R_CHAVES
   18 local_declaracoes: local_declaracoes . var_declaracao

    INT   shift, and go to state 1
    VOID  shift, and go to state 2

    $default  reduce using rule 21 (statement_list)

    var_declaracao      go to state 32
    tipo_especificador  go to state 33
    statement_list      go to state 34


state 32

   18 local_declaracoes: local_declaracoes var_declaracao .

    $default  reduce using rule 18 (local_declaracoes)


state 33

    6 var_declaracao: tipo_especificador . IDENTIFICADOR SEMICOLON
    7               | tipo_especificador . IDENTIFICADOR L_BRAC NUMERO R_BRAC SEMICOLON

    IDENTIFICADOR  shift, and go to state 35


state 34

   17 composto_decl: L_CHAVES local_declaracoes statement_list . R_CHAVES
   20 statement_list: statement_list . statement

    NUMERO         shift, and go to state 36
    IDENTIFICADOR  shift, and go to state 37
    L_PAR          shift, and go to state 38
    L_CHAVES       shift, and go to state 26
    R_CHAVES       shift, and go to state 39
    SEMICOLON      shift, and go to state 40
    IF             shift, and go to state 41
    WHILE          shift, and go to state 42
    RETURN         shift, and go to state 43

    composto_decl      go to state 44
    statement          go to state 45
    expressao_decl     go to state 46
    selecao_decl       go to state 47
    iteracao_decl      go to state 48
    retorno_decl       go to state 49
    expressao          go to state 50
    var                go to state 51
    simples_expressao  go to state 52
    soma_expressao     go to state 53
    termo              go to state 54
    fator              go to state 55
    ativacao           go to state 56


state 35

    6 var_declaracao: tipo_especificador IDENTIFICADOR . SEMICOLON
    7               | tipo_especificador IDENTIFICADOR . L_BRAC NUMERO R_BRAC SEMICOLON

    L_BRAC     shift, and go to state 13
    SEMICOLON  shift, and go to state 14


state 36

   57 fator: NUMERO .

    $default  reduce using rule 57 (fator)


state 37

   36 var: IDENTIFICADOR .
   37    | IDENTIFICADOR . L_BRAC expressao R_BRAC
   58 ativacao: IDENTIFICADOR . L_PAR args R_PAR

    L_PAR   shift, and go to state 57
    L_BRAC  shift, and go to state 58

    $default  reduce using rule 36 (var)


state 38

   54 fator: L_PAR . expressao R_PAR

    NUMERO         shift, and go to state 36
    IDENTIFICADOR  shift, and go to state 37
    L_PAR          shift, and go to state 38

    expressao          go to state 59
    var                go to state 51
    simples_expressao  go to state 52
    soma_expressao     go to state 53
    termo              go to state 54
    fator              go to state 55
    ativacao           go to state 56


state 39

   17 composto_decl: L_CHAVES local_declaracoes statement_list R_CHAVES .

    $default  reduce using rule 17 (composto_decl)


state 40

   28 expressao_decl: SEMICOLON .

    $default  reduce using rule 28 (expressao_decl)


state 41

   29 selecao_decl: IF . L_PAR expressao R_PAR statement
   30             | IF . L_PAR expressao R_PAR statement ELSE statement

    L_PAR  shift, and go to state 60


state 42

   31 iteracao_decl: WHILE . L_PAR expressao R_PAR statement

    L_PAR  shift, and go to state 61


state 43

   32 retorno_decl: RETURN . SEMICOLON
   33             | RETURN . expressao SEMICOLON

    NUMERO         shift, and go to state 36
    IDENTIFICADOR  shift, and go to state 37
    L_PAR          shift, and go to state 38
    SEMICOLON      shift, and go to state 62

    expressao          go to state 63
    var                go to state 51
    simples_expressao  go to state 52
    soma_expressao     go to state 53
    termo              go to state 54
    fator              go to state 55
    ativacao           go to state 56


state 44

   23 statement: composto_decl .

    $default  reduce using rule 23 (statement)


state 45

   20 statement_list: statement_list statement .

    $default  reduce using rule 20 (statement_list)


state 46

   22 statement: expressao_decl .

    $default  reduce using rule 22 (statement)


state 47

   24 statement: selecao_decl .

    $default  reduce using rule 24 (statement)


state 48

   25 statement: iteracao_decl .

    $default  reduce using rule 25 (statement)


state 49

   26 statement: retorno_decl .

    $default  reduce using rule 26 (statement)


state 50

   27 expressao_decl: expressao . SEMICOLON

    SEMICOLON  shift, and go to state 64


state 51

   34 expressao: var . ATRIBUICAO expressao
   55 fator: var .

    ATRIBUICAO  shift, and go to state 65

    $default  reduce using rule 55 (fator)


state 52

   35 expressao: simples_expressao .

    $default  reduce using rule 35 (expressao)


state 53

   38 simples_expressao: soma_expressao . relacional soma_expressao
   39                  | soma_expressao .
   46 soma_expressao: soma_expressao . soma termo

    MAIS         shift, and go to state 66
    MAIOR        shift, and go to state 67
    MENOS        shift, and go to state 68
    MENOR        shift, and go to state 69
    MAIOR_IGUAL  shift, and go to state 70
    MENOR_IGUAL  shift, and go to state 71
    DIFERENTE    shift, and go to state 72
    IGUAL        shift, and go to state 73

    $default  reduce using rule 39 (simples_expressao)

    relacional  go to state 74
    soma        go to state 75


state 54

   47 soma_expressao: termo .
   50 termo: termo . mult fator

    DIVISAO        shift, and go to state 76
    MULTIPLICACAO  shift, and go to state 77

    $default  reduce using rule 47 (soma_expressao)

    mult  go to state 78


state 55

   51 termo: fator .

    $default  reduce using rule 51 (termo)


state 56

   56 fator: ativacao .

    $default  reduce using rule 56 (fator)


state 57

   58 ativacao: IDENTIFICADOR L_PAR . args R_PAR

    NUMERO         shift, and go to state 36
    IDENTIFICADOR  shift, and go to state 37
    L_PAR          shift, and go to state 38

    $default  reduce using rule 60 (args)

    expressao          go to state 79
    var                go to state 51
    simples_expressao  go to state 52
    soma_expressao     go to state 53
    termo              go to state 54
    fator              go to state 55
    ativacao           go to state 56
    args               go to state 80
    arg_list           go to state 81


state 58

   37 var: IDENTIFICADOR L_BRAC . expressao R_BRAC

    NUMERO         shift, and go to state 36
    IDENTIFICADOR  shift, and go to state 37
    L_PAR          shift, and go to state 38

    expressao          go to state 82
    var                go to state 51
    simples_expressao  go to state 52
    soma_expressao     go to state 53
    termo              go to state 54
    fator              go to state 55
    ativacao           go to state 56


state 59

   54 fator: L_PAR expressao . R_PAR

    R_PAR  shift, and go to state 83


state 60

   29 selecao_decl: IF L_PAR . expressao R_PAR statement
   30             | IF L_PAR . expressao R_PAR statement ELSE statement

    NUMERO         shift, and go to state 36
    IDENTIFICADOR  shift, and go to state 37
    L_PAR          shift, and go to state 38

    expressao          go to state 84
    var                go to state 51
    simples_expressao  go to state 52
    soma_expressao     go to state 53
    termo              go to state 54
    fator              go to state 55
    ativacao           go to state 56


state 61

   31 iteracao_decl: WHILE L_PAR . expressao R_PAR statement

    NUMERO         shift, and go to state 36
    IDENTIFICADOR  shift, and go to state 37
    L_PAR          shift, and go to state 38

    expressao          go to state 85
    var                go to state 51
    simples_expressao  go to state 52
    soma_expressao     go to state 53
    termo              go to state 54
    fator              go to state 55
    ativacao           go to state 56


state 62

   32 retorno_decl: RETURN SEMICOLON .

    $default  reduce using rule 32 (retorno_decl)


state 63

   33 retorno_decl: RETURN expressao . SEMICOLON

    SEMICOLON  shift, and go to state 86


state 64

   27 expressao_decl: expressao SEMICOLON .

    $default  reduce using rule 27 (expressao_decl)


state 65

   34 expressao: var ATRIBUICAO . expressao

    NUMERO         shift, and go to state 36
    IDENTIFICADOR  shift, and go to state 37
    L_PAR          shift, and go to state 38

    expressao          go to state 87
    var                go to state 51
    simples_expressao  go to state 52
    soma_expressao     go to state 53
    termo              go to state 54
    fator              go to state 55
    ativacao           go to state 56


state 66

   48 soma: MAIS .

    $default  reduce using rule 48 (soma)


state 67

   41 relacional: MAIOR .

    $default  reduce using rule 41 (relacional)


state 68

   49 soma: MENOS .

    $default  reduce using rule 49 (soma)


state 69

   40 relacional: MENOR .

    $default  reduce using rule 40 (relacional)


state 70

   44 relacional: MAIOR_IGUAL .

    $default  reduce using rule 44 (relacional)


state 71

   42 relacional: MENOR_IGUAL .

    $default  reduce using rule 42 (relacional)


state 72

   43 relacional: DIFERENTE .

    $default  reduce using rule 43 (relacional)


state 73

   45 relacional: IGUAL .

    $default  reduce using rule 45 (relacional)


state 74

   38 simples_expressao: soma_expressao relacional . soma_expressao

    NUMERO         shift, and go to state 36
    IDENTIFICADOR  shift, and go to state 37
    L_PAR          shift, and go to state 38

    var             go to state 88
    soma_expressao  go to state 89
    termo           go to state 54
    fator           go to state 55
    ativacao        go to state 56


state 75

   46 soma_expressao: soma_expressao soma . termo

    NUMERO         shift, and go to state 36
    IDENTIFICADOR  shift, and go to state 37
    L_PAR          shift, and go to state 38

    var       go to state 88
    termo     go to state 90
    fator     go to state 55
    ativacao  go to state 56


state 76

   53 mult: DIVISAO .

    $default  reduce using rule 53 (mult)


state 77

   52 mult: MULTIPLICACAO .

    $default  reduce using rule 52 (mult)


state 78

   50 termo: termo mult . fator

    NUMERO         shift, and go to state 36
    IDENTIFICADOR  shift, and go to state 37
    L_PAR          shift, and go to state 38

    var       go to state 88
    fator     go to state 91
    ativacao  go to state 56


state 79

   62 arg_list: expressao .

    $default  reduce using rule 62 (arg_list)


state 80

   58 ativacao: IDENTIFICADOR L_PAR args . R_PAR

    R_PAR  shift, and go to state 92


state 81

   59 args: arg_list .
   61 arg_list: arg_list . COMMA expressao

    COMMA  shift, and go to state 93

    $default  reduce using rule 59 (args)


state 82

   37 var: IDENTIFICADOR L_BRAC expressao . R_BRAC

    R_BRAC  shift, and go to state 94


state 83

   54 fator: L_PAR expressao R_PAR .

    $default  reduce using rule 54 (fator)


state 84

   29 selecao_decl: IF L_PAR expressao . R_PAR statement
   30             | IF L_PAR expressao . R_PAR statement ELSE statement

    R_PAR  shift, and go to state 95


state 85

   31 iteracao_decl: WHILE L_PAR expressao . R_PAR statement

    R_PAR  shift, and go to state 96


state 86

   33 retorno_decl: RETURN expressao SEMICOLON .

    $default  reduce using rule 33 (retorno_decl)


state 87

   34 expressao: var ATRIBUICAO expressao .

    $default  reduce using rule 34 (expressao)


state 88

   55 fator: var .

    $default  reduce using rule 55 (fator)


state 89

   38 simples_expressao: soma_expressao relacional soma_expressao .
   46 soma_expressao: soma_expressao . soma termo

    MAIS   shift, and go to state 66
    MENOS  shift, and go to state 68

    $default  reduce using rule 38 (simples_expressao)

    soma  go to state 75


state 90

   46 soma_expressao: soma_expressao soma termo .
   50 termo: termo . mult fator

    DIVISAO        shift, and go to state 76
    MULTIPLICACAO  shift, and go to state 77

    $default  reduce using rule 46 (soma_expressao)

    mult  go to state 78


state 91

   50 termo: termo mult fator .

    $default  reduce using rule 50 (termo)


state 92

   58 ativacao: IDENTIFICADOR L_PAR args R_PAR .

    $default  reduce using rule 58 (ativacao)


state 93

   61 arg_list: arg_list COMMA . expressao

    NUMERO         shift, and go to state 36
    IDENTIFICADOR  shift, and go to state 37
    L_PAR          shift, and go to state 38

    expressao          go to state 97
    var                go to state 51
    simples_expressao  go to state 52
    soma_expressao     go to state 53
    termo              go to state 54
    fator              go to state 55
    ativacao           go to state 56


state 94

   37 var: IDENTIFICADOR L_BRAC expressao R_BRAC .

    $default  reduce using rule 37 (var)


state 95

   29 selecao_decl: IF L_PAR expressao R_PAR . statement
   30             | IF L_PAR expressao R_PAR . statement ELSE statement

    NUMERO         shift, and go to state 36
    IDENTIFICADOR  shift, and go to state 37
    L_PAR          shift, and go to state 38
    L_CHAVES       shift, and go to state 26
    SEMICOLON      shift, and go to state 40
    IF             shift, and go to state 41
    WHILE          shift, and go to state 42
    RETURN         shift, and go to state 43

    composto_decl      go to state 44
    statement          go to state 98
    expressao_decl     go to state 46
    selecao_decl       go to state 47
    iteracao_decl      go to state 48
    retorno_decl       go to state 49
    expressao          go to state 50
    var                go to state 51
    simples_expressao  go to state 52
    soma_expressao     go to state 53
    termo              go to state 54
    fator              go to state 55
    ativacao           go to state 56


state 96

   31 iteracao_decl: WHILE L_PAR expressao R_PAR . statement

    NUMERO         shift, and go to state 36
    IDENTIFICADOR  shift, and go to state 37
    L_PAR          shift, and go to state 38
    L_CHAVES       shift, and go to state 26
    SEMICOLON      shift, and go to state 40
    IF             shift, and go to state 41
    WHILE          shift, and go to state 42
    RETURN         shift, and go to state 43

    composto_decl      go to state 44
    statement          go to state 99
    expressao_decl     go to state 46
    selecao_decl       go to state 47
    iteracao_decl      go to state 48
    retorno_decl       go to state 49
    expressao          go to state 50
    var                go to state 51
    simples_expressao  go to state 52
    soma_expressao     go to state 53
    termo              go to state 54
    fator              go to state 55
    ativacao           go to state 56


state 97

   61 arg_list: arg_list COMMA expressao .

    $default  reduce using rule 61 (arg_list)


state 98

   29 selecao_decl: IF L_PAR expressao R_PAR statement .
   30             | IF L_PAR expressao R_PAR statement . ELSE statement

    ELSE  shift, and go to state 100

    ELSE      [reduce using rule 29 (selecao_decl)]
    $default  reduce using rule 29 (selecao_decl)


state 99

   31 iteracao_decl: WHILE L_PAR expressao R_PAR statement .

    $default  reduce using rule 31 (iteracao_decl)


state 100

   30 selecao_decl: IF L_PAR expressao R_PAR statement ELSE . statement

    NUMERO         shift, and go to state 36
    IDENTIFICADOR  shift, and go to state 37
    L_PAR          shift, and go to state 38
    L_CHAVES       shift, and go to state 26
    SEMICOLON      shift, and go to state 40
    IF             shift, and go to state 41
    WHILE          shift, and go to state 42
    RETURN         shift, and go to state 43

    composto_decl      go to state 44
    statement          go to state 101
    expressao_decl     go to state 46
    selecao_decl       go to state 47
    iteracao_decl      go to state 48
    retorno_decl       go to state 49
    expressao          go to state 50
    var                go to state 51
    simples_expressao  go to state 52
    soma_expressao     go to state 53
    termo              go to state 54
    fator              go to state 55
    ativacao           go to state 56


state 101

   30 selecao_decl: IF L_PAR expressao R_PAR statement ELSE statement .

    $default  reduce using rule 30 (selecao_decl)
